----------------------------------------------------------------
Sat Feb 12 12:48:19 EAT 2022:
Booting Derby version The Apache Software Foundation - Apache Derby - 10.14.2.0 - (1828579): instance a816c00e-017e-ed55-513c-0000029890f0 
on database directory memory:/home/austin/Desktop/hostelsmanagement/hostelmanagement/6c9a1dbf-403d-40d0-b0fd-322c3f3946af with class loader jdk.internal.loader.ClassLoaders$AppClassLoader@5c8da962 
Loaded from file:/home/austin/.m2/repository/org/apache/derby/derby/10.14.2.0/derby-10.14.2.0.jar
java.vendor=Eclipse Adoptium
java.runtime.version=11.0.14.1+1
user.dir=/home/austin/Desktop/hostelsmanagement/hostelmanagement
os.name=Linux
os.arch=amd64
os.version=5.8.0-50-generic
derby.system.home=null
Database Class Loader started - derby.database.classpath=''
----------------------------------------------------------------
Sat Feb 12 13:06:39 EAT 2022:
Shutting down instance a816c00e-017e-ed55-513c-0000029890f0 on database directory memory:/home/austin/Desktop/hostelsmanagement/hostelmanagement/6c9a1dbf-403d-40d0-b0fd-322c3f3946af with class loader jdk.internal.loader.ClassLoaders$AppClassLoader@5c8da962 
----------------------------------------------------------------
Sat Feb 12 13:06:42 EAT 2022:
Booting Derby version The Apache Software Foundation - Apache Derby - 10.14.2.0 - (1828579): instance 52da80c5-017e-ed55-513c-0000029890f0 
on database directory memory:/home/austin/Desktop/hostelsmanagement/hostelmanagement/a4e9bef1-ba5f-44b7-9670-9f7a986f7664 with class loader jdk.internal.loader.ClassLoaders$AppClassLoader@5c8da962 
Loaded from file:/home/austin/.m2/repository/org/apache/derby/derby/10.14.2.0/derby-10.14.2.0.jar
java.vendor=Eclipse Adoptium
java.runtime.version=11.0.14.1+1
user.dir=/home/austin/Desktop/hostelsmanagement/hostelmanagement
os.name=Linux
os.arch=amd64
os.version=5.8.0-50-generic
derby.system.home=null
Database Class Loader started - derby.database.classpath=''
----------------------------------------------------------------
Sat Feb 12 13:06:44 EAT 2022:
Shutting down instance 52da80c5-017e-ed55-513c-0000029890f0 on database directory memory:/home/austin/Desktop/hostelsmanagement/hostelmanagement/a4e9bef1-ba5f-44b7-9670-9f7a986f7664 with class loader jdk.internal.loader.ClassLoaders$AppClassLoader@5c8da962 
----------------------------------------------------------------
Sat Feb 12 13:07:47 EAT 2022:
Booting Derby version The Apache Software Foundation - Apache Derby - 10.14.2.0 - (1828579): instance c24e0171-017e-ed55-513c-0000029890f0 
on database directory memory:/home/austin/Desktop/hostelsmanagement/hostelmanagement/227cf92a-dd5e-4932-99f3-af8cefa31748 with class loader jdk.internal.loader.ClassLoaders$AppClassLoader@5c8da962 
Loaded from file:/home/austin/.m2/repository/org/apache/derby/derby/10.14.2.0/derby-10.14.2.0.jar
java.vendor=Eclipse Adoptium
java.runtime.version=11.0.14.1+1
user.dir=/home/austin/Desktop/hostelsmanagement/hostelmanagement
os.name=Linux
os.arch=amd64
os.version=5.8.0-50-generic
derby.system.home=null
Database Class Loader started - derby.database.classpath=''
----------------------------------------------------------------
Sat Feb 12 13:07:48 EAT 2022:
Shutting down instance c24e0171-017e-ed55-513c-0000029890f0 on database directory memory:/home/austin/Desktop/hostelsmanagement/hostelmanagement/227cf92a-dd5e-4932-99f3-af8cefa31748 with class loader jdk.internal.loader.ClassLoaders$AppClassLoader@5c8da962 
----------------------------------------------------------------
Sat Feb 12 13:08:09 EAT 2022:
Booting Derby version The Apache Software Foundation - Apache Derby - 10.14.2.0 - (1828579): instance 4ea5821d-017e-ed55-513c-0000029890f0 
on database directory memory:/home/austin/Desktop/hostelsmanagement/hostelmanagement/1322d283-74ba-438f-ad54-9d1fb22373dd with class loader jdk.internal.loader.ClassLoaders$AppClassLoader@5c8da962 
Loaded from file:/home/austin/.m2/repository/org/apache/derby/derby/10.14.2.0/derby-10.14.2.0.jar
java.vendor=Eclipse Adoptium
java.runtime.version=11.0.14.1+1
user.dir=/home/austin/Desktop/hostelsmanagement/hostelmanagement
os.name=Linux
os.arch=amd64
os.version=5.8.0-50-generic
derby.system.home=null
Database Class Loader started - derby.database.classpath=''
----------------------------------------------------------------
Sat Feb 12 13:08:13 EAT 2022:
Shutting down instance 4ea5821d-017e-ed55-513c-0000029890f0 on database directory memory:/home/austin/Desktop/hostelsmanagement/hostelmanagement/1322d283-74ba-438f-ad54-9d1fb22373dd with class loader jdk.internal.loader.ClassLoaders$AppClassLoader@5c8da962 
----------------------------------------------------------------
Sat Feb 12 13:08:14 EAT 2022:
Booting Derby version The Apache Software Foundation - Apache Derby - 10.14.2.0 - (1828579): instance f7e102c9-017e-ed55-513c-0000029890f0 
on database directory memory:/home/austin/Desktop/hostelsmanagement/hostelmanagement/9cde059c-deb6-43d8-a3ef-06fda783574e with class loader jdk.internal.loader.ClassLoaders$AppClassLoader@5c8da962 
Loaded from file:/home/austin/.m2/repository/org/apache/derby/derby/10.14.2.0/derby-10.14.2.0.jar
java.vendor=Eclipse Adoptium
java.runtime.version=11.0.14.1+1
user.dir=/home/austin/Desktop/hostelsmanagement/hostelmanagement
os.name=Linux
os.arch=amd64
os.version=5.8.0-50-generic
derby.system.home=null
Database Class Loader started - derby.database.classpath=''
----------------------------------------------------------------
Sat Feb 12 13:09:08 EAT 2022:
Shutting down instance f7e102c9-017e-ed55-513c-0000029890f0 on database directory memory:/home/austin/Desktop/hostelsmanagement/hostelmanagement/9cde059c-deb6-43d8-a3ef-06fda783574e with class loader jdk.internal.loader.ClassLoaders$AppClassLoader@5c8da962 
----------------------------------------------------------------
Sat Feb 12 13:09:10 EAT 2022:
Booting Derby version The Apache Software Foundation - Apache Derby - 10.14.2.0 - (1828579): instance be008375-017e-ed55-513c-0000029890f0 
on database directory memory:/home/austin/Desktop/hostelsmanagement/hostelmanagement/7fa38853-fc9e-4948-b219-83d0133901ed with class loader jdk.internal.loader.ClassLoaders$AppClassLoader@5c8da962 
Loaded from file:/home/austin/.m2/repository/org/apache/derby/derby/10.14.2.0/derby-10.14.2.0.jar
java.vendor=Eclipse Adoptium
java.runtime.version=11.0.14.1+1
user.dir=/home/austin/Desktop/hostelsmanagement/hostelmanagement
os.name=Linux
os.arch=amd64
os.version=5.8.0-50-generic
derby.system.home=null
Database Class Loader started - derby.database.classpath=''
----------------------------------------------------------------
Sat Feb 12 13:09:21 EAT 2022:
Shutting down instance be008375-017e-ed55-513c-0000029890f0 on database directory memory:/home/austin/Desktop/hostelsmanagement/hostelmanagement/7fa38853-fc9e-4948-b219-83d0133901ed with class loader jdk.internal.loader.ClassLoaders$AppClassLoader@5c8da962 
----------------------------------------------------------------
Sat Feb 12 13:09:22 EAT 2022:
Booting Derby version The Apache Software Foundation - Apache Derby - 10.14.2.0 - (1828579): instance 3ad7c41b-017e-ed55-513c-0000029890f0 
on database directory memory:/home/austin/Desktop/hostelsmanagement/hostelmanagement/7b5660c6-6243-420f-a991-5875ddf96db6 with class loader jdk.internal.loader.ClassLoaders$AppClassLoader@5c8da962 
Loaded from file:/home/austin/.m2/repository/org/apache/derby/derby/10.14.2.0/derby-10.14.2.0.jar
java.vendor=Eclipse Adoptium
java.runtime.version=11.0.14.1+1
user.dir=/home/austin/Desktop/hostelsmanagement/hostelmanagement
os.name=Linux
os.arch=amd64
os.version=5.8.0-50-generic
derby.system.home=null
Database Class Loader started - derby.database.classpath=''
----------------------------------------------------------------
Sat Feb 12 13:10:19 EAT 2022:
Shutting down instance 3ad7c41b-017e-ed55-513c-0000029890f0 on database directory memory:/home/austin/Desktop/hostelsmanagement/hostelmanagement/7b5660c6-6243-420f-a991-5875ddf96db6 with class loader jdk.internal.loader.ClassLoaders$AppClassLoader@5c8da962 
----------------------------------------------------------------
Sat Feb 12 13:10:21 EAT 2022:
Booting Derby version The Apache Software Foundation - Apache Derby - 10.14.2.0 - (1828579): instance 529804c1-017e-ed55-513c-0000029890f0 
on database directory memory:/home/austin/Desktop/hostelsmanagement/hostelmanagement/6ab80e78-ffd7-4d2a-ba6e-8b27ef8fa2e2 with class loader jdk.internal.loader.ClassLoaders$AppClassLoader@5c8da962 
Loaded from file:/home/austin/.m2/repository/org/apache/derby/derby/10.14.2.0/derby-10.14.2.0.jar
java.vendor=Eclipse Adoptium
java.runtime.version=11.0.14.1+1
user.dir=/home/austin/Desktop/hostelsmanagement/hostelmanagement
os.name=Linux
os.arch=amd64
os.version=5.8.0-50-generic
derby.system.home=null
Database Class Loader started - derby.database.classpath=''
----------------------------------------------------------------
Sat Feb 12 13:11:43 EAT 2022:
Shutting down instance 529804c1-017e-ed55-513c-0000029890f0 on database directory memory:/home/austin/Desktop/hostelsmanagement/hostelmanagement/6ab80e78-ffd7-4d2a-ba6e-8b27ef8fa2e2 with class loader jdk.internal.loader.ClassLoaders$AppClassLoader@5c8da962 
----------------------------------------------------------------
Sat Feb 12 13:11:44 EAT 2022:
Booting Derby version The Apache Software Foundation - Apache Derby - 10.14.2.0 - (1828579): instance 85414567-017e-ed55-513c-0000029890f0 
on database directory memory:/home/austin/Desktop/hostelsmanagement/hostelmanagement/d91c7065-f557-4eb3-a3f9-6afa83ff7a8d with class loader jdk.internal.loader.ClassLoaders$AppClassLoader@5c8da962 
Loaded from file:/home/austin/.m2/repository/org/apache/derby/derby/10.14.2.0/derby-10.14.2.0.jar
java.vendor=Eclipse Adoptium
java.runtime.version=11.0.14.1+1
user.dir=/home/austin/Desktop/hostelsmanagement/hostelmanagement
os.name=Linux
os.arch=amd64
os.version=5.8.0-50-generic
derby.system.home=null
Database Class Loader started - derby.database.classpath=''
----------------------------------------------------------------
Sat Feb 12 13:11:50 EAT 2022:
Shutting down instance 85414567-017e-ed55-513c-0000029890f0 on database directory memory:/home/austin/Desktop/hostelsmanagement/hostelmanagement/d91c7065-f557-4eb3-a3f9-6afa83ff7a8d with class loader jdk.internal.loader.ClassLoaders$AppClassLoader@5c8da962 
----------------------------------------------------------------
Sat Feb 12 13:11:52 EAT 2022:
Booting Derby version The Apache Software Foundation - Apache Derby - 10.14.2.0 - (1828579): instance 52d3860d-017e-ed55-513c-0000029890f0 
on database directory memory:/home/austin/Desktop/hostelsmanagement/hostelmanagement/cc766c93-1e63-429c-867d-d4dc8ccb574f with class loader jdk.internal.loader.ClassLoaders$AppClassLoader@5c8da962 
Loaded from file:/home/austin/.m2/repository/org/apache/derby/derby/10.14.2.0/derby-10.14.2.0.jar
java.vendor=Eclipse Adoptium
java.runtime.version=11.0.14.1+1
user.dir=/home/austin/Desktop/hostelsmanagement/hostelmanagement
os.name=Linux
os.arch=amd64
os.version=5.8.0-50-generic
derby.system.home=null
Database Class Loader started - derby.database.classpath=''
----------------------------------------------------------------
Mon Feb 14 07:54:39 EAT 2022:
Shutting down instance 52d3860d-017e-ed55-513c-0000029890f0 on database directory memory:/home/austin/Desktop/hostelsmanagement/hostelmanagement/cc766c93-1e63-429c-867d-d4dc8ccb574f with class loader jdk.internal.loader.ClassLoaders$AppClassLoader@5c8da962 
----------------------------------------------------------------
Mon Feb 14 07:54:44 EAT 2022:
Booting Derby version The Apache Software Foundation - Apache Derby - 10.14.2.0 - (1828579): instance 5638c6c3-017e-ed55-513c-0000029890f0 
on database directory memory:/home/austin/Desktop/hostelsmanagement/hostelmanagement/866f8e05-53d0-4b19-8592-5fb403e7748b with class loader jdk.internal.loader.ClassLoaders$AppClassLoader@5c8da962 
Loaded from file:/home/austin/.m2/repository/org/apache/derby/derby/10.14.2.0/derby-10.14.2.0.jar
java.vendor=Eclipse Adoptium
java.runtime.version=11.0.14.1+1
user.dir=/home/austin/Desktop/hostelsmanagement/hostelmanagement
os.name=Linux
os.arch=amd64
os.version=5.8.0-50-generic
derby.system.home=null
Database Class Loader started - derby.database.classpath=''
----------------------------------------------------------------
Mon Feb 14 09:21:38 EAT 2022:
Shutting down instance 5638c6c3-017e-ed55-513c-0000029890f0 on database directory memory:/home/austin/Desktop/hostelsmanagement/hostelmanagement/866f8e05-53d0-4b19-8592-5fb403e7748b with class loader jdk.internal.loader.ClassLoaders$AppClassLoader@5c8da962 
----------------------------------------------------------------
Mon Feb 14 09:22:20 EAT 2022:
Booting Derby version The Apache Software Foundation - Apache Derby - 10.14.2.0 - (1828579): instance c171877d-017e-ed55-513c-0000029890f0 
on database directory memory:/home/austin/Desktop/hostelsmanagement/hostelmanagement/35f42609-cd26-412b-9051-499967476736 with class loader jdk.internal.loader.ClassLoaders$AppClassLoader@5c8da962 
Loaded from file:/home/austin/.m2/repository/org/apache/derby/derby/10.14.2.0/derby-10.14.2.0.jar
java.vendor=Eclipse Adoptium
java.runtime.version=11.0.14.1+1
user.dir=/home/austin/Desktop/hostelsmanagement/hostelmanagement
os.name=Linux
os.arch=amd64
os.version=5.8.0-50-generic
derby.system.home=null
Database Class Loader started - derby.database.classpath=''
----------------------------------------------------------------
Mon Feb 14 09:22:32 EAT 2022:
Shutting down instance c171877d-017e-ed55-513c-0000029890f0 on database directory memory:/home/austin/Desktop/hostelsmanagement/hostelmanagement/35f42609-cd26-412b-9051-499967476736 with class loader jdk.internal.loader.ClassLoaders$AppClassLoader@5c8da962 
----------------------------------------------------------------
Mon Feb 14 09:46:06 EAT 2022:
Booting Derby version The Apache Software Foundation - Apache Derby - 10.14.2.0 - (1828579): instance e594c823-017e-ed55-513c-0000029890f0 
on database directory memory:/home/austin/Desktop/hostelsmanagement/hostelmanagement/8a9235a2-5f58-4c66-93ca-8ba7ce27029e with class loader jdk.internal.loader.ClassLoaders$AppClassLoader@5c8da962 
Loaded from file:/home/austin/.m2/repository/org/apache/derby/derby/10.14.2.0/derby-10.14.2.0.jar
java.vendor=Eclipse Adoptium
java.runtime.version=11.0.14.1+1
user.dir=/home/austin/Desktop/hostelsmanagement/hostelmanagement
os.name=Linux
os.arch=amd64
os.version=5.8.0-50-generic
derby.system.home=null
Database Class Loader started - derby.database.classpath=''
----------------------------------------------------------------
Mon Feb 14 09:46:17 EAT 2022:
Shutting down instance e594c823-017e-ed55-513c-0000029890f0 on database directory memory:/home/austin/Desktop/hostelsmanagement/hostelmanagement/8a9235a2-5f58-4c66-93ca-8ba7ce27029e with class loader jdk.internal.loader.ClassLoaders$AppClassLoader@5c8da962 
----------------------------------------------------------------
Mon Feb 14 10:04:41 EAT 2022:
Booting Derby version The Apache Software Foundation - Apache Derby - 10.14.2.0 - (1828579): instance c06e48d2-017e-ed55-513c-0000029890f0 
on database directory memory:/home/austin/Desktop/hostelsmanagement/hostelmanagement/80d10898-4206-4543-94ff-cef6b73c533f with class loader jdk.internal.loader.ClassLoaders$AppClassLoader@5c8da962 
Loaded from file:/home/austin/.m2/repository/org/apache/derby/derby/10.14.2.0/derby-10.14.2.0.jar
java.vendor=Eclipse Adoptium
java.runtime.version=11.0.14.1+1
user.dir=/home/austin/Desktop/hostelsmanagement/hostelmanagement
os.name=Linux
os.arch=amd64
os.version=5.8.0-50-generic
derby.system.home=null
Database Class Loader started - derby.database.classpath=''
----------------------------------------------------------------
Mon Feb 14 10:04:42 EAT 2022:
Shutting down instance c06e48d2-017e-ed55-513c-0000029890f0 on database directory memory:/home/austin/Desktop/hostelsmanagement/hostelmanagement/80d10898-4206-4543-94ff-cef6b73c533f with class loader jdk.internal.loader.ClassLoaders$AppClassLoader@5c8da962 
----------------------------------------------------------------
Mon Feb 14 10:05:42 EAT 2022:
Booting Derby version The Apache Software Foundation - Apache Derby - 10.14.2.0 - (1828579): instance c9300981-017e-ed55-513c-0000029890f0 
on database directory memory:/home/austin/Desktop/hostelsmanagement/hostelmanagement/c6e3424c-1d88-483d-a51c-aa77feede75c with class loader jdk.internal.loader.ClassLoaders$AppClassLoader@5c8da962 
Loaded from file:/home/austin/.m2/repository/org/apache/derby/derby/10.14.2.0/derby-10.14.2.0.jar
java.vendor=Eclipse Adoptium
java.runtime.version=11.0.14.1+1
user.dir=/home/austin/Desktop/hostelsmanagement/hostelmanagement
os.name=Linux
os.arch=amd64
os.version=5.8.0-50-generic
derby.system.home=null
Database Class Loader started - derby.database.classpath=''
----------------------------------------------------------------
Mon Feb 14 10:11:05 EAT 2022:
Shutting down instance c9300981-017e-ed55-513c-0000029890f0 on database directory memory:/home/austin/Desktop/hostelsmanagement/hostelmanagement/c6e3424c-1d88-483d-a51c-aa77feede75c with class loader jdk.internal.loader.ClassLoaders$AppClassLoader@5c8da962 
----------------------------------------------------------------
Mon Feb 14 10:11:06 EAT 2022:
Booting Derby version The Apache Software Foundation - Apache Derby - 10.14.2.0 - (1828579): instance efda0a30-017e-ed55-513c-0000029890f0 
on database directory memory:/home/austin/Desktop/hostelsmanagement/hostelmanagement/f66065ce-eeb5-4592-bdf6-34a9cb7f7f92 with class loader jdk.internal.loader.ClassLoaders$AppClassLoader@5c8da962 
Loaded from file:/home/austin/.m2/repository/org/apache/derby/derby/10.14.2.0/derby-10.14.2.0.jar
java.vendor=Eclipse Adoptium
java.runtime.version=11.0.14.1+1
user.dir=/home/austin/Desktop/hostelsmanagement/hostelmanagement
os.name=Linux
os.arch=amd64
os.version=5.8.0-50-generic
derby.system.home=null
Database Class Loader started - derby.database.classpath=''
----------------------------------------------------------------
Mon Feb 14 11:00:02 EAT 2022:
Shutting down instance efda0a30-017e-ed55-513c-0000029890f0 on database directory memory:/home/austin/Desktop/hostelsmanagement/hostelmanagement/f66065ce-eeb5-4592-bdf6-34a9cb7f7f92 with class loader jdk.internal.loader.ClassLoaders$AppClassLoader@5c8da962 
